/usr/bin/cmake -S/home/qyd/dx/one_ws/src/simple_chassis_controller -B/home/qyd/dx/one_ws/build/simple_chassis_controller --check-build-system CMakeFiles/Makefile.cmake 0
/usr/bin/cmake -E cmake_progress_start /home/qyd/dx/one_ws/build/simple_chassis_controller/CMakeFiles /home/qyd/dx/one_ws/build/simple_chassis_controller/CMakeFiles/progress.marks
/usr/bin/make -f CMakeFiles/Makefile2 all
make[1]: 进入目录“/home/qyd/dx/one_ws/build/simple_chassis_controller”
/usr/bin/make -f CMakeFiles/rosgraph_msgs_generate_messages_eus.dir/build.make CMakeFiles/rosgraph_msgs_generate_messages_eus.dir/depend
/usr/bin/make -f CMakeFiles/std_msgs_generate_messages_eus.dir/build.make CMakeFiles/std_msgs_generate_messages_eus.dir/depend
/usr/bin/make -f CMakeFiles/roscpp_generate_messages_cpp.dir/build.make CMakeFiles/roscpp_generate_messages_cpp.dir/depend
/usr/bin/make -f CMakeFiles/roscpp_generate_messages_py.dir/build.make CMakeFiles/roscpp_generate_messages_py.dir/depend
/usr/bin/make -f CMakeFiles/rosgraph_msgs_generate_messages_py.dir/build.make CMakeFiles/rosgraph_msgs_generate_messages_py.dir/depend
/usr/bin/make -f CMakeFiles/rosgraph_msgs_generate_messages_lisp.dir/build.make CMakeFiles/rosgraph_msgs_generate_messages_lisp.dir/depend
make[2]: 进入目录“/home/qyd/dx/one_ws/build/simple_chassis_controller”
cd /home/qyd/dx/one_ws/build/simple_chassis_controller && /usr/bin/cmake -E cmake_depends "Unix Makefiles" /home/qyd/dx/one_ws/src/simple_chassis_controller /home/qyd/dx/one_ws/src/simple_chassis_controller /home/qyd/dx/one_ws/build/simple_chassis_controller /home/qyd/dx/one_ws/build/simple_chassis_controller /home/qyd/dx/one_ws/build/simple_chassis_controller/CMakeFiles/rosgraph_msgs_generate_messages_eus.dir/DependInfo.cmake --color=
make[2]: 进入目录“/home/qyd/dx/one_ws/build/simple_chassis_controller”
cd /home/qyd/dx/one_ws/build/simple_chassis_controller && /usr/bin/cmake -E cmake_depends "Unix Makefiles" /home/qyd/dx/one_ws/src/simple_chassis_controller /home/qyd/dx/one_ws/src/simple_chassis_controller /home/qyd/dx/one_ws/build/simple_chassis_controller /home/qyd/dx/one_ws/build/simple_chassis_controller /home/qyd/dx/one_ws/build/simple_chassis_controller/CMakeFiles/roscpp_generate_messages_cpp.dir/DependInfo.cmake --color=
make[2]: 进入目录“/home/qyd/dx/one_ws/build/simple_chassis_controller”
cd /home/qyd/dx/one_ws/build/simple_chassis_controller && /usr/bin/cmake -E cmake_depends "Unix Makefiles" /home/qyd/dx/one_ws/src/simple_chassis_controller /home/qyd/dx/one_ws/src/simple_chassis_controller /home/qyd/dx/one_ws/build/simple_chassis_controller /home/qyd/dx/one_ws/build/simple_chassis_controller /home/qyd/dx/one_ws/build/simple_chassis_controller/CMakeFiles/std_msgs_generate_messages_eus.dir/DependInfo.cmake --color=
/usr/bin/make -f CMakeFiles/std_msgs_generate_messages_lisp.dir/build.make CMakeFiles/std_msgs_generate_messages_lisp.dir/depend
/usr/bin/make -f CMakeFiles/roscpp_generate_messages_lisp.dir/build.make CMakeFiles/roscpp_generate_messages_lisp.dir/depend
make[2]: 进入目录“/home/qyd/dx/one_ws/build/simple_chassis_controller”
/usr/bin/make -f CMakeFiles/rosgraph_msgs_generate_messages_nodejs.dir/build.make CMakeFiles/rosgraph_msgs_generate_messages_nodejs.dir/depend
cd /home/qyd/dx/one_ws/build/simple_chassis_controller && /usr/bin/cmake -E cmake_depends "Unix Makefiles" /home/qyd/dx/one_ws/src/simple_chassis_controller /home/qyd/dx/one_ws/src/simple_chassis_controller /home/qyd/dx/one_ws/build/simple_chassis_controller /home/qyd/dx/one_ws/build/simple_chassis_controller /home/qyd/dx/one_ws/build/simple_chassis_controller/CMakeFiles/roscpp_generate_messages_py.dir/DependInfo.cmake --color=
/usr/bin/make -f CMakeFiles/std_msgs_generate_messages_cpp.dir/build.make CMakeFiles/std_msgs_generate_messages_cpp.dir/depend
make[2]: 进入目录“/home/qyd/dx/one_ws/build/simple_chassis_controller”
cd /home/qyd/dx/one_ws/build/simple_chassis_controller && /usr/bin/cmake -E cmake_depends "Unix Makefiles" /home/qyd/dx/one_ws/src/simple_chassis_controller /home/qyd/dx/one_ws/src/simple_chassis_controller /home/qyd/dx/one_ws/build/simple_chassis_controller /home/qyd/dx/one_ws/build/simple_chassis_controller /home/qyd/dx/one_ws/build/simple_chassis_controller/CMakeFiles/rosgraph_msgs_generate_messages_py.dir/DependInfo.cmake --color=
make[2]: 进入目录“/home/qyd/dx/one_ws/build/simple_chassis_controller”
/usr/bin/make -f CMakeFiles/std_msgs_generate_messages_nodejs.dir/build.make CMakeFiles/std_msgs_generate_messages_nodejs.dir/depend
cd /home/qyd/dx/one_ws/build/simple_chassis_controller && /usr/bin/cmake -E cmake_depends "Unix Makefiles" /home/qyd/dx/one_ws/src/simple_chassis_controller /home/qyd/dx/one_ws/src/simple_chassis_controller /home/qyd/dx/one_ws/build/simple_chassis_controller /home/qyd/dx/one_ws/build/simple_chassis_controller /home/qyd/dx/one_ws/build/simple_chassis_controller/CMakeFiles/rosgraph_msgs_generate_messages_lisp.dir/DependInfo.cmake --color=
/usr/bin/make -f CMakeFiles/std_msgs_generate_messages_py.dir/build.make CMakeFiles/std_msgs_generate_messages_py.dir/depend
/usr/bin/make -f CMakeFiles/roscpp_generate_messages_nodejs.dir/build.make CMakeFiles/roscpp_generate_messages_nodejs.dir/depend
make[2]: 进入目录“/home/qyd/dx/one_ws/build/simple_chassis_controller”
cd /home/qyd/dx/one_ws/build/simple_chassis_controller && /usr/bin/cmake -E cmake_depends "Unix Makefiles" /home/qyd/dx/one_ws/src/simple_chassis_controller /home/qyd/dx/one_ws/src/simple_chassis_controller /home/qyd/dx/one_ws/build/simple_chassis_controller /home/qyd/dx/one_ws/build/simple_chassis_controller /home/qyd/dx/one_ws/build/simple_chassis_controller/CMakeFiles/std_msgs_generate_messages_lisp.dir/DependInfo.cmake --color=
/usr/bin/make -f CMakeFiles/rosgraph_msgs_generate_messages_cpp.dir/build.make CMakeFiles/rosgraph_msgs_generate_messages_cpp.dir/depend
make[2]: 进入目录“/home/qyd/dx/one_ws/build/simple_chassis_controller”
cd /home/qyd/dx/one_ws/build/simple_chassis_controller && /usr/bin/cmake -E cmake_depends "Unix Makefiles" /home/qyd/dx/one_ws/src/simple_chassis_controller /home/qyd/dx/one_ws/src/simple_chassis_controller /home/qyd/dx/one_ws/build/simple_chassis_controller /home/qyd/dx/one_ws/build/simple_chassis_controller /home/qyd/dx/one_ws/build/simple_chassis_controller/CMakeFiles/roscpp_generate_messages_lisp.dir/DependInfo.cmake --color=
make[2]: 进入目录“/home/qyd/dx/one_ws/build/simple_chassis_controller”
cd /home/qyd/dx/one_ws/build/simple_chassis_controller && /usr/bin/cmake -E cmake_depends "Unix Makefiles" /home/qyd/dx/one_ws/src/simple_chassis_controller /home/qyd/dx/one_ws/src/simple_chassis_controller /home/qyd/dx/one_ws/build/simple_chassis_controller /home/qyd/dx/one_ws/build/simple_chassis_controller /home/qyd/dx/one_ws/build/simple_chassis_controller/CMakeFiles/rosgraph_msgs_generate_messages_nodejs.dir/DependInfo.cmake --color=
make[2]: 进入目录“/home/qyd/dx/one_ws/build/simple_chassis_controller”
cd /home/qyd/dx/one_ws/build/simple_chassis_controller && /usr/bin/cmake -E cmake_depends "Unix Makefiles" /home/qyd/dx/one_ws/src/simple_chassis_controller /home/qyd/dx/one_ws/src/simple_chassis_controller /home/qyd/dx/one_ws/build/simple_chassis_controller /home/qyd/dx/one_ws/build/simple_chassis_controller /home/qyd/dx/one_ws/build/simple_chassis_controller/CMakeFiles/std_msgs_generate_messages_cpp.dir/DependInfo.cmake --color=
/usr/bin/make -f CMakeFiles/roscpp_generate_messages_eus.dir/build.make CMakeFiles/roscpp_generate_messages_eus.dir/depend
make[2]: 进入目录“/home/qyd/dx/one_ws/build/simple_chassis_controller”
cd /home/qyd/dx/one_ws/build/simple_chassis_controller && /usr/bin/cmake -E cmake_depends "Unix Makefiles" /home/qyd/dx/one_ws/src/simple_chassis_controller /home/qyd/dx/one_ws/src/simple_chassis_controller /home/qyd/dx/one_ws/build/simple_chassis_controller /home/qyd/dx/one_ws/build/simple_chassis_controller /home/qyd/dx/one_ws/build/simple_chassis_controller/CMakeFiles/std_msgs_generate_messages_nodejs.dir/DependInfo.cmake --color=
make[2]: 进入目录“/home/qyd/dx/one_ws/build/simple_chassis_controller”
cd /home/qyd/dx/one_ws/build/simple_chassis_controller && /usr/bin/cmake -E cmake_depends "Unix Makefiles" /home/qyd/dx/one_ws/src/simple_chassis_controller /home/qyd/dx/one_ws/src/simple_chassis_controller /home/qyd/dx/one_ws/build/simple_chassis_controller /home/qyd/dx/one_ws/build/simple_chassis_controller /home/qyd/dx/one_ws/build/simple_chassis_controller/CMakeFiles/std_msgs_generate_messages_py.dir/DependInfo.cmake --color=
make[2]: 进入目录“/home/qyd/dx/one_ws/build/simple_chassis_controller”
cd /home/qyd/dx/one_ws/build/simple_chassis_controller && /usr/bin/cmake -E cmake_depends "Unix Makefiles" /home/qyd/dx/one_ws/src/simple_chassis_controller /home/qyd/dx/one_ws/src/simple_chassis_controller /home/qyd/dx/one_ws/build/simple_chassis_controller /home/qyd/dx/one_ws/build/simple_chassis_controller /home/qyd/dx/one_ws/build/simple_chassis_controller/CMakeFiles/roscpp_generate_messages_nodejs.dir/DependInfo.cmake --color=
make[2]: 进入目录“/home/qyd/dx/one_ws/build/simple_chassis_controller”
cd /home/qyd/dx/one_ws/build/simple_chassis_controller && /usr/bin/cmake -E cmake_depends "Unix Makefiles" /home/qyd/dx/one_ws/src/simple_chassis_controller /home/qyd/dx/one_ws/src/simple_chassis_controller /home/qyd/dx/one_ws/build/simple_chassis_controller /home/qyd/dx/one_ws/build/simple_chassis_controller /home/qyd/dx/one_ws/build/simple_chassis_controller/CMakeFiles/rosgraph_msgs_generate_messages_cpp.dir/DependInfo.cmake --color=
make[2]: 进入目录“/home/qyd/dx/one_ws/build/simple_chassis_controller”
cd /home/qyd/dx/one_ws/build/simple_chassis_controller && /usr/bin/cmake -E cmake_depends "Unix Makefiles" /home/qyd/dx/one_ws/src/simple_chassis_controller /home/qyd/dx/one_ws/src/simple_chassis_controller /home/qyd/dx/one_ws/build/simple_chassis_controller /home/qyd/dx/one_ws/build/simple_chassis_controller /home/qyd/dx/one_ws/build/simple_chassis_controller/CMakeFiles/roscpp_generate_messages_eus.dir/DependInfo.cmake --color=
make[2]: 离开目录“/home/qyd/dx/one_ws/build/simple_chassis_controller”
/usr/bin/make -f CMakeFiles/rosgraph_msgs_generate_messages_eus.dir/build.make CMakeFiles/rosgraph_msgs_generate_messages_eus.dir/build
make[2]: 进入目录“/home/qyd/dx/one_ws/build/simple_chassis_controller”
make[2]: 对“CMakeFiles/rosgraph_msgs_generate_messages_eus.dir/build”无需做任何事。
make[2]: 离开目录“/home/qyd/dx/one_ws/build/simple_chassis_controller”
make[2]: 离开目录“/home/qyd/dx/one_ws/build/simple_chassis_controller”
/usr/bin/make -f CMakeFiles/roscpp_generate_messages_cpp.dir/build.make CMakeFiles/roscpp_generate_messages_cpp.dir/build
make[2]: 离开目录“/home/qyd/dx/one_ws/build/simple_chassis_controller”
/usr/bin/make -f CMakeFiles/std_msgs_generate_messages_eus.dir/build.make CMakeFiles/std_msgs_generate_messages_eus.dir/build
make[2]: 进入目录“/home/qyd/dx/one_ws/build/simple_chassis_controller”
make[2]: 对“CMakeFiles/roscpp_generate_messages_cpp.dir/build”无需做任何事。
make[2]: 离开目录“/home/qyd/dx/one_ws/build/simple_chassis_controller”
make[2]: 进入目录“/home/qyd/dx/one_ws/build/simple_chassis_controller”
make[2]: 对“CMakeFiles/std_msgs_generate_messages_eus.dir/build”无需做任何事。
make[2]: 离开目录“/home/qyd/dx/one_ws/build/simple_chassis_controller”
make[2]: 离开目录“/home/qyd/dx/one_ws/build/simple_chassis_controller”
make[2]: 离开目录“/home/qyd/dx/one_ws/build/simple_chassis_controller”
/usr/bin/make -f CMakeFiles/roscpp_generate_messages_lisp.dir/build.make CMakeFiles/roscpp_generate_messages_lisp.dir/build
/usr/bin/make -f CMakeFiles/rosgraph_msgs_generate_messages_py.dir/build.make CMakeFiles/rosgraph_msgs_generate_messages_py.dir/build
make[2]: 离开目录“/home/qyd/dx/one_ws/build/simple_chassis_controller”
make[2]: 进入目录“/home/qyd/dx/one_ws/build/simple_chassis_controller”
make[2]: 对“CMakeFiles/roscpp_generate_messages_lisp.dir/build”无需做任何事。
make[2]: 离开目录“/home/qyd/dx/one_ws/build/simple_chassis_controller”
make[2]: 离开目录“/home/qyd/dx/one_ws/build/simple_chassis_controller”
make[2]: 离开目录“/home/qyd/dx/one_ws/build/simple_chassis_controller”
make[2]: 离开目录“/home/qyd/dx/one_ws/build/simple_chassis_controller”
make[2]: 离开目录“/home/qyd/dx/one_ws/build/simple_chassis_controller”
make[2]: 离开目录“/home/qyd/dx/one_ws/build/simple_chassis_controller”
/usr/bin/make -f CMakeFiles/rosgraph_msgs_generate_messages_lisp.dir/build.make CMakeFiles/rosgraph_msgs_generate_messages_lisp.dir/build
/usr/bin/make -f CMakeFiles/std_msgs_generate_messages_lisp.dir/build.make CMakeFiles/std_msgs_generate_messages_lisp.dir/build
/usr/bin/make -f CMakeFiles/rosgraph_msgs_generate_messages_nodejs.dir/build.make CMakeFiles/rosgraph_msgs_generate_messages_nodejs.dir/build
/usr/bin/make -f CMakeFiles/std_msgs_generate_messages_cpp.dir/build.make CMakeFiles/std_msgs_generate_messages_cpp.dir/build
[  0%] Built target rosgraph_msgs_generate_messages_eus
/usr/bin/make -f CMakeFiles/std_msgs_generate_messages_nodejs.dir/build.make CMakeFiles/std_msgs_generate_messages_nodejs.dir/build
make[2]: 进入目录“/home/qyd/dx/one_ws/build/simple_chassis_controller”
make[2]: 对“CMakeFiles/rosgraph_msgs_generate_messages_py.dir/build”无需做任何事。
make[2]: 离开目录“/home/qyd/dx/one_ws/build/simple_chassis_controller”
/usr/bin/make -f CMakeFiles/roscpp_generate_messages_nodejs.dir/build.make CMakeFiles/roscpp_generate_messages_nodejs.dir/build
make[2]: 进入目录“/home/qyd/dx/one_ws/build/simple_chassis_controller”
make[2]: 进入目录“/home/qyd/dx/one_ws/build/simple_chassis_controller”
make[2]: 对“CMakeFiles/rosgraph_msgs_generate_messages_lisp.dir/build”无需做任何事。
make[2]: 对“CMakeFiles/std_msgs_generate_messages_lisp.dir/build”无需做任何事。
make[2]: 进入目录“/home/qyd/dx/one_ws/build/simple_chassis_controller”
make[2]: 离开目录“/home/qyd/dx/one_ws/build/simple_chassis_controller”
make[2]: 对“CMakeFiles/rosgraph_msgs_generate_messages_nodejs.dir/build”无需做任何事。
make[2]: 离开目录“/home/qyd/dx/one_ws/build/simple_chassis_controller”
make[2]: 离开目录“/home/qyd/dx/one_ws/build/simple_chassis_controller”
make[2]: 离开目录“/home/qyd/dx/one_ws/build/simple_chassis_controller”
make[2]: 进入目录“/home/qyd/dx/one_ws/build/simple_chassis_controller”
make[2]: 对“CMakeFiles/std_msgs_generate_messages_cpp.dir/build”无需做任何事。
make[2]: 离开目录“/home/qyd/dx/one_ws/build/simple_chassis_controller”
/usr/bin/make -f CMakeFiles/roscpp_generate_messages_eus.dir/build.make CMakeFiles/roscpp_generate_messages_eus.dir/build
make[2]: 进入目录“/home/qyd/dx/one_ws/build/simple_chassis_controller”
make[2]: 对“CMakeFiles/std_msgs_generate_messages_nodejs.dir/build”无需做任何事。
make[2]: 离开目录“/home/qyd/dx/one_ws/build/simple_chassis_controller”
make[2]: 进入目录“/home/qyd/dx/one_ws/build/simple_chassis_controller”
make[2]: 对“CMakeFiles/roscpp_generate_messages_nodejs.dir/build”无需做任何事。
make[2]: 离开目录“/home/qyd/dx/one_ws/build/simple_chassis_controller”
[  0%] Built target roscpp_generate_messages_cpp
make[2]: 进入目录“/home/qyd/dx/one_ws/build/simple_chassis_controller”
make[2]: 对“CMakeFiles/roscpp_generate_messages_eus.dir/build”无需做任何事。
make[2]: 离开目录“/home/qyd/dx/one_ws/build/simple_chassis_controller”
make[2]: 离开目录“/home/qyd/dx/one_ws/build/simple_chassis_controller”
[  0%] Built target std_msgs_generate_messages_eus
make[2]: 离开目录“/home/qyd/dx/one_ws/build/simple_chassis_controller”
/usr/bin/make -f CMakeFiles/roscpp_generate_messages_py.dir/build.make CMakeFiles/roscpp_generate_messages_py.dir/build
/usr/bin/make -f CMakeFiles/std_msgs_generate_messages_py.dir/build.make CMakeFiles/std_msgs_generate_messages_py.dir/build
make[2]: 进入目录“/home/qyd/dx/one_ws/build/simple_chassis_controller”
make[2]: 对“CMakeFiles/roscpp_generate_messages_py.dir/build”无需做任何事。
make[2]: 离开目录“/home/qyd/dx/one_ws/build/simple_chassis_controller”
make[2]: 进入目录“/home/qyd/dx/one_ws/build/simple_chassis_controller”
make[2]: 对“CMakeFiles/std_msgs_generate_messages_py.dir/build”无需做任何事。
make[2]: 离开目录“/home/qyd/dx/one_ws/build/simple_chassis_controller”
[  0%] Built target std_msgs_generate_messages_lisp
[  0%] Built target rosgraph_msgs_generate_messages_lisp
make[2]: 离开目录“/home/qyd/dx/one_ws/build/simple_chassis_controller”
/usr/bin/make -f CMakeFiles/rosgraph_msgs_generate_messages_cpp.dir/build.make CMakeFiles/rosgraph_msgs_generate_messages_cpp.dir/build
[  0%] Built target rosgraph_msgs_generate_messages_py
[  0%] Built target roscpp_generate_messages_lisp
make[2]: 进入目录“/home/qyd/dx/one_ws/build/simple_chassis_controller”
make[2]: 对“CMakeFiles/rosgraph_msgs_generate_messages_cpp.dir/build”无需做任何事。
make[2]: 离开目录“/home/qyd/dx/one_ws/build/simple_chassis_controller”
[  0%] Built target rosgraph_msgs_generate_messages_nodejs
[  0%] Built target std_msgs_generate_messages_nodejs
[  0%] Built target std_msgs_generate_messages_py
[  0%] Built target roscpp_generate_messages_nodejs
[  0%] Built target roscpp_generate_messages_eus
[  0%] Built target std_msgs_generate_messages_cpp
[  0%] Built target rosgraph_msgs_generate_messages_cpp
[  0%] Built target roscpp_generate_messages_py
/usr/bin/make -f CMakeFiles/simple_chassis_controller.dir/build.make CMakeFiles/simple_chassis_controller.dir/depend
make[2]: 进入目录“/home/qyd/dx/one_ws/build/simple_chassis_controller”
cd /home/qyd/dx/one_ws/build/simple_chassis_controller && /usr/bin/cmake -E cmake_depends "Unix Makefiles" /home/qyd/dx/one_ws/src/simple_chassis_controller /home/qyd/dx/one_ws/src/simple_chassis_controller /home/qyd/dx/one_ws/build/simple_chassis_controller /home/qyd/dx/one_ws/build/simple_chassis_controller /home/qyd/dx/one_ws/build/simple_chassis_controller/CMakeFiles/simple_chassis_controller.dir/DependInfo.cmake --color=
make[2]: 离开目录“/home/qyd/dx/one_ws/build/simple_chassis_controller”
/usr/bin/make -f CMakeFiles/simple_chassis_controller.dir/build.make CMakeFiles/simple_chassis_controller.dir/build
make[2]: 进入目录“/home/qyd/dx/one_ws/build/simple_chassis_controller”
make[2]: 对“CMakeFiles/simple_chassis_controller.dir/build”无需做任何事。
make[2]: 离开目录“/home/qyd/dx/one_ws/build/simple_chassis_controller”
[100%] Built target simple_chassis_controller
make[1]: 离开目录“/home/qyd/dx/one_ws/build/simple_chassis_controller”
/usr/bin/cmake -E cmake_progress_start /home/qyd/dx/one_ws/build/simple_chassis_controller/CMakeFiles 0
