/usr/bin/cmake -S/home/qyd/dx/one_ws/src/hero_chassis_controller -B/home/qyd/dx/one_ws/build/hero_chassis_controller --check-build-system CMakeFiles/Makefile.cmake 0
/usr/bin/cmake -E cmake_progress_start /home/qyd/dx/one_ws/build/hero_chassis_controller/CMakeFiles /home/qyd/dx/one_ws/build/hero_chassis_controller/CMakeFiles/progress.marks
/usr/bin/make -f CMakeFiles/Makefile2 all
make[1]: 进入目录“/home/qyd/dx/one_ws/build/hero_chassis_controller”
/usr/bin/make -f CMakeFiles/cmd_vel_pub.dir/build.make CMakeFiles/cmd_vel_pub.dir/depend
/usr/bin/make -f CMakeFiles/mecanum_wheels_pub.dir/build.make CMakeFiles/mecanum_wheels_pub.dir/depend
make[2]: 进入目录“/home/qyd/dx/one_ws/build/hero_chassis_controller”
cd /home/qyd/dx/one_ws/build/hero_chassis_controller && /usr/bin/cmake -E cmake_depends "Unix Makefiles" /home/qyd/dx/one_ws/src/hero_chassis_controller /home/qyd/dx/one_ws/src/hero_chassis_controller /home/qyd/dx/one_ws/build/hero_chassis_controller /home/qyd/dx/one_ws/build/hero_chassis_controller /home/qyd/dx/one_ws/build/hero_chassis_controller/CMakeFiles/cmd_vel_pub.dir/DependInfo.cmake --color=
make[2]: 进入目录“/home/qyd/dx/one_ws/build/hero_chassis_controller”
cd /home/qyd/dx/one_ws/build/hero_chassis_controller && /usr/bin/cmake -E cmake_depends "Unix Makefiles" /home/qyd/dx/one_ws/src/hero_chassis_controller /home/qyd/dx/one_ws/src/hero_chassis_controller /home/qyd/dx/one_ws/build/hero_chassis_controller /home/qyd/dx/one_ws/build/hero_chassis_controller /home/qyd/dx/one_ws/build/hero_chassis_controller/CMakeFiles/mecanum_wheels_pub.dir/DependInfo.cmake --color=
make[2]: 离开目录“/home/qyd/dx/one_ws/build/hero_chassis_controller”
make[2]: 离开目录“/home/qyd/dx/one_ws/build/hero_chassis_controller”
/usr/bin/make -f CMakeFiles/cmd_vel_pub.dir/build.make CMakeFiles/cmd_vel_pub.dir/build
/usr/bin/make -f CMakeFiles/mecanum_wheels_pub.dir/build.make CMakeFiles/mecanum_wheels_pub.dir/build
make[2]: 进入目录“/home/qyd/dx/one_ws/build/hero_chassis_controller”
make[2]: 对“CMakeFiles/cmd_vel_pub.dir/build”无需做任何事。
make[2]: 离开目录“/home/qyd/dx/one_ws/build/hero_chassis_controller”
make[2]: 进入目录“/home/qyd/dx/one_ws/build/hero_chassis_controller”
make[2]: 对“CMakeFiles/mecanum_wheels_pub.dir/build”无需做任何事。
make[2]: 离开目录“/home/qyd/dx/one_ws/build/hero_chassis_controller”
[ 50%] Built target cmd_vel_pub
[100%] Built target mecanum_wheels_pub
make[1]: 离开目录“/home/qyd/dx/one_ws/build/hero_chassis_controller”
/usr/bin/cmake -E cmake_progress_start /home/qyd/dx/one_ws/build/hero_chassis_controller/CMakeFiles 0
